# JRE version: OpenJDK Runtime Environment AdoptOpenJDK (11.0.10+9) (build 11.0.10+9)
# Java VM: OpenJDK 64-Bit Server VM AdoptOpenJDK (11.0.10+9, mixed mode, tiered, compressed oops, g1 gc, windows-amd64)
Heap:
 garbage-first heap   total 65536K, used 41645K [0x00000000c1800000, 0x0000000100000000)
  region size 1024K, 7 young (7168K), 3 survivors (3072K)
 Metaspace       used 45765K, capacity 46890K, committed 47104K, reserved 1089536K
  class space    used 5846K, capacity 6306K, committed 6400K, reserved 1048576K
GC Heap History (20 events):
Event: 9.922 GC heap before
{Heap before GC invocations=4 (full 0):
 garbage-first heap   total 65536K, used 33833K [0x00000000c1800000, 0x0000000100000000)
  region size 1024K, 25 young (25600K), 3 survivors (3072K)
 Metaspace       used 20610K, capacity 21190K, committed 21248K, reserved 1069056K
  class space    used 2294K, capacity 2522K, committed 2560K, reserved 1048576K
}
Event: 9.931 GC heap after
{Heap after GC invocations=5 (full 0):
 garbage-first heap   total 65536K, used 13276K [0x00000000c1800000, 0x0000000100000000)
  region size 1024K, 2 young (2048K), 2 survivors (2048K)
 Metaspace       used 20610K, capacity 21190K, committed 21248K, reserved 1069056K
  class space    used 2294K, capacity 2522K, committed 2560K, reserved 1048576K
}
Event: 12.079 GC heap before
{Heap before GC invocations=6 (full 0):
 garbage-first heap   total 65536K, used 39900K [0x00000000c1800000, 0x0000000100000000)
  region size 1024K, 28 young (28672K), 2 survivors (2048K)
 Metaspace       used 25959K, capacity 26622K, committed 26880K, reserved 1073152K
  class space    used 3039K, capacity 3264K, committed 3328K, reserved 1048576K
}
Event: 12.086 GC heap after
{Heap after GC invocations=7 (full 0):
 garbage-first heap   total 65536K, used 14269K [0x00000000c1800000, 0x0000000100000000)
  region size 1024K, 3 young (3072K), 3 survivors (3072K)
 Metaspace       used 25959K, capacity 26622K, committed 26880K, reserved 1073152K
  class space    used 3039K, capacity 3264K, committed 3328K, reserved 1048576K
}
Event: 15.157 GC heap before
{Heap before GC invocations=7 (full 0):
 garbage-first heap   total 65536K, used 41917K [0x00000000c1800000, 0x0000000100000000)
  region size 1024K, 30 young (30720K), 3 survivors (3072K)
 Metaspace       used 29301K, capacity 30012K, committed 30208K, reserved 1075200K
  class space    used 3577K, capacity 3838K, committed 3840K, reserved 1048576K
}
Event: 15.169 GC heap after
{Heap after GC invocations=8 (full 0):
 garbage-first heap   total 65536K, used 15427K [0x00000000c1800000, 0x0000000100000000)
  region size 1024K, 4 young (4096K), 4 survivors (4096K)
 Metaspace       used 29301K, capacity 30012K, committed 30208K, reserved 1075200K
  class space    used 3577K, capacity 3838K, committed 3840K, reserved 1048576K
}
Event: 18.565 GC heap before
{Heap before GC invocations=8 (full 0):
 garbage-first heap   total 65536K, used 43075K [0x00000000c1800000, 0x0000000100000000)
  region size 1024K, 31 young (31744K), 4 survivors (4096K)
 Metaspace       used 31426K, capacity 32126K, committed 32384K, reserved 1077248K
  class space    used 3933K, capacity 4207K, committed 4224K, reserved 1048576K
}
Event: 18.574 GC heap after
{Heap after GC invocations=9 (full 0):
 garbage-first heap   total 65536K, used 15600K [0x00000000c1800000, 0x0000000100000000)
  region size 1024K, 2 young (2048K), 2 survivors (2048K)
 Metaspace       used 31426K, capacity 32126K, committed 32384K, reserved 1077248K
  class space    used 3933K, capacity 4207K, committed 4224K, reserved 1048576K
}
Event: 20.554 GC heap before
{Heap before GC invocations=9 (full 0):
 garbage-first heap   total 65536K, used 44272K [0x00000000c1800000, 0x0000000100000000)
  region size 1024K, 30 young (30720K), 2 survivors (2048K)
 Metaspace       used 32744K, capacity 33416K, committed 33664K, reserved 1079296K
  class space    used 4140K, capacity 4403K, committed 4480K, reserved 1048576K
}
Event: 20.559 GC heap after
{Heap after GC invocations=10 (full 0):
 garbage-first heap   total 65536K, used 15565K [0x00000000c1800000, 0x0000000100000000)
  region size 1024K, 2 young (2048K), 2 survivors (2048K)
 Metaspace       used 32744K, capacity 33416K, committed 33664K, reserved 1079296K
  class space    used 4140K, capacity 4403K, committed 4480K, reserved 1048576K
}
Event: 26.271 GC heap before
{Heap before GC invocations=10 (full 0):
 garbage-first heap   total 65536K, used 28877K [0x00000000c1800000, 0x0000000100000000)
  region size 1024K, 16 young (16384K), 2 survivors (2048K)
 Metaspace       used 35025K, capacity 35762K, committed 35840K, reserved 1081344K
  class space    used 4397K, capacity 4711K, committed 4736K, reserved 1048576K
}
Event: 26.283 GC heap after
{Heap after GC invocations=11 (full 0):
 garbage-first heap   total 65536K, used 17235K [0x00000000c1800000, 0x0000000100000000)
  region size 1024K, 4 young (4096K), 4 survivors (4096K)
 Metaspace       used 35025K, capacity 35762K, committed 35840K, reserved 1081344K
  class space    used 4397K, capacity 4711K, committed 4736K, reserved 1048576K
}
Event: 31.286 GC heap before
{Heap before GC invocations=12 (full 0):
 garbage-first heap   total 65536K, used 44883K [0x00000000c1800000, 0x0000000100000000)
  region size 1024K, 31 young (31744K), 4 survivors (4096K)
 Metaspace       used 36034K, capacity 36829K, committed 36992K, reserved 1081344K
  class space    used 4531K, capacity 4856K, committed 4864K, reserved 1048576K
}
Event: 31.297 GC heap after
{Heap after GC invocations=13 (full 0):
 garbage-first heap   total 65536K, used 19064K [0x00000000c1800000, 0x0000000100000000)
  region size 1024K, 4 young (4096K), 4 survivors (4096K)
 Metaspace       used 36034K, capacity 36829K, committed 36992K, reserved 1081344K
  class space    used 4531K, capacity 4856K, committed 4864K, reserved 1048576K
}
Event: 33.212 GC heap before
{Heap before GC invocations=13 (full 0):
 garbage-first heap   total 65536K, used 47736K [0x00000000c1800000, 0x0000000100000000)
  region size 1024K, 32 young (32768K), 4 survivors (4096K)
 Metaspace       used 39977K, capacity 40820K, committed 41088K, reserved 1085440K
  class space    used 5031K, capacity 5378K, committed 5504K, reserved 1048576K
}
Event: 33.221 GC heap after
{Heap after GC invocations=14 (full 0):
 garbage-first heap   total 65536K, used 20202K [0x00000000c1800000, 0x0000000100000000)
  region size 1024K, 3 young (3072K), 3 survivors (3072K)
 Metaspace       used 39977K, capacity 40820K, committed 41088K, reserved 1085440K
  class space    used 5031K, capacity 5378K, committed 5504K, reserved 1048576K
}
Event: 37.853 GC heap before
{Heap before GC invocations=14 (full 0):
 garbage-first heap   total 65536K, used 48874K [0x00000000c1800000, 0x0000000100000000)
  region size 1024K, 31 young (31744K), 3 survivors (3072K)
 Metaspace       used 44231K, capacity 45306K, committed 45568K, reserved 1089536K
  class space    used 5605K, capacity 6032K, committed 6144K, reserved 1048576K
}
Event: 37.863 GC heap after
{Heap after GC invocations=15 (full 0):
 garbage-first heap   total 65536K, used 20951K [0x00000000c1800000, 0x0000000100000000)
  region size 1024K, 2 young (2048K), 2 survivors (2048K)
 Metaspace       used 44231K, capacity 45306K, committed 45568K, reserved 1089536K
  class space    used 5605K, capacity 6032K, committed 6144K, reserved 1048576K
}
Event: 38.062 GC heap before
{Heap before GC invocations=15 (full 0):
 garbage-first heap   total 65536K, used 27095K [0x00000000c1800000, 0x0000000100000000)
  region size 1024K, 9 young (9216K), 2 survivors (2048K)
 Metaspace       used 45108K, capacity 46237K, committed 46464K, reserved 1089536K
  class space    used 5735K, capacity 6193K, committed 6272K, reserved 1048576K
}
Event: 38.068 GC heap after
{Heap after GC invocations=16 (full 0):
 garbage-first heap   total 65536K, used 21165K [0x00000000c1800000, 0x0000000100000000)
  region size 1024K, 3 young (3072K), 3 survivors (3072K)
 Metaspace       used 45108K, capacity 46237K, committed 46464K, reserved 1089536K
  class space    used 5735K, capacity 6193K, committed 6272K, reserved 1048576K
}

